[2026-02-21 07:20:27] local.INFO: Started Upload Files To Aws Command  
[2026-02-21 07:20:42] local.INFO: Site name :{"site_id":201,"site_url":"raisoni.seqrdoc.com","file_uploaded_date_time":"2025-03-01 14:48:39"}  
[2026-02-21 07:20:42] local.INFO: Instance found :raisoni  
[2026-02-21 07:20:43] local.INFO: Records found  
[2026-02-21 07:20:46] local.INFO: Site name :{"site_id":208,"site_url":"vbit.seqrdoc.com","file_uploaded_date_time":"2023-03-21 15:48:36"}  
[2026-02-21 07:20:46] local.INFO: Instance found :vbit  
[2026-02-21 07:20:46] local.INFO: Records found  
[2026-02-21 07:20:54] local.INFO: Site name :{"site_id":209,"site_url":"ghrietn.seqrdoc.com","file_uploaded_date_time":"2026-01-12 15:08:22"}  
[2026-02-21 07:20:54] local.INFO: Instance found :ghrietn  
[2026-02-21 07:20:55] local.INFO: Records found  
[2026-02-21 07:20:59] local.INFO: Site name :{"site_id":248,"site_url":"tpsdi.seqrdoc.com","file_uploaded_date_time":"2025-03-04 20:39:07"}  
[2026-02-21 07:20:59] local.INFO: Instance found :tpsdi  
[2026-02-21 07:21:01] local.INFO: Records found  
[2026-02-21 07:21:04] local.INFO: Site name :{"site_id":287,"site_url":"tolani.seqrdoc.com","file_uploaded_date_time":null}  
[2026-02-21 07:21:04] local.INFO: Instance found :tolani  
[2026-02-21 07:21:04] local.INFO: Records found  
[2026-02-21 07:21:04] local.INFO: Site name :{"site_id":289,"site_url":"mitwpu.seqrdoc.com","file_uploaded_date_time":"2025-01-30 16:27:57"}  
[2026-02-21 07:21:04] local.INFO: Instance found :mitwpu  
[2026-02-21 07:21:05] local.INFO: Records found  
[2026-02-21 07:21:05] local.INFO: Site name :{"site_id":300,"site_url":"lnctbhopal.seqrdoc.com","file_uploaded_date_time":"2024-12-10 12:02:52"}  
[2026-02-21 07:21:05] local.INFO: Instance found :lnctbhopal  
[2026-02-21 07:21:05] local.INFO: Records found  
[2026-02-21 07:21:14] local.INFO: Ended Upload Files To Aws Command  
[2026-02-21 09:31:51] local.INFO: Excel Row  : A2:J2  
[2026-02-21 09:31:51] local.INFO: Row Data : Array  
[2026-02-21 09:32:03] local.INFO: compress response {"response":""} 
[2026-02-21 09:32:05] local.INFO: Excel Row  : A3:J3  
[2026-02-21 09:32:05] local.INFO: Row Data : Array  
[2026-02-21 09:32:13] local.INFO: compress response {"response":""} 
[2026-02-21 09:32:15] local.INFO: Excel Row  : A4:J4  
[2026-02-21 09:32:15] local.INFO: Row Data : Array  
[2026-02-21 09:32:25] local.INFO: compress response {"response":""} 
[2026-02-21 09:32:27] local.INFO: Excel Row  : A5:J5  
[2026-02-21 09:32:27] local.INFO: Row Data : Array  
[2026-02-21 09:32:39] local.INFO: compress response {"response":""} 
[2026-02-21 09:32:41] local.INFO: Excel Row  : A6:J6  
[2026-02-21 09:32:41] local.INFO: Row Data : Array  
[2026-02-21 09:32:56] local.INFO: compress response {"response":""} 
[2026-02-21 09:32:59] local.INFO: Excel Row  : A7:J7  
[2026-02-21 09:32:59] local.INFO: Row Data : Array  
[2026-02-21 09:33:10] local.INFO: compress response {"response":""} 
[2026-02-21 09:33:12] local.INFO: Excel Row  : A8:J8  
[2026-02-21 09:33:12] local.INFO: Row Data : Array  
[2026-02-21 09:33:22] local.INFO: compress response {"response":""} 
[2026-02-21 09:33:25] local.INFO: Excel Row  : A9:J9  
[2026-02-21 09:33:25] local.INFO: Row Data : Array  
[2026-02-21 09:33:33] local.INFO: compress response {"response":""} 
[2026-02-21 09:33:36] local.INFO: Excel Row  : A10:J10  
[2026-02-21 09:33:36] local.INFO: Row Data : Array  
[2026-02-21 09:33:44] local.INFO: compress response {"response":""} 
[2026-02-21 09:33:46] local.INFO: Excel Row  : A11:J11  
[2026-02-21 09:33:46] local.INFO: Row Data : Array  
[2026-02-21 09:33:54] local.INFO: compress response {"response":""} 
[2026-02-21 09:33:56] local.INFO: Excel Row  : A12:J12  
[2026-02-21 09:33:56] local.INFO: Row Data : Array  
[2026-02-21 09:34:06] local.INFO: compress response {"response":""} 
[2026-02-21 09:34:08] local.INFO: Excel Row  : A13:J13  
[2026-02-21 09:34:08] local.INFO: Row Data : Array  
[2026-02-21 09:34:18] local.INFO: compress response {"response":""} 
[2026-02-21 09:34:20] local.INFO: Excel Row  : A14:J14  
[2026-02-21 09:34:20] local.INFO: Row Data : Array  
[2026-02-21 09:34:28] local.INFO: compress response {"response":""} 
[2026-02-21 09:34:31] local.INFO: Excel Row  : A15:J15  
[2026-02-21 09:34:31] local.INFO: Row Data : Array  
[2026-02-21 09:34:40] local.INFO: compress response {"response":""} 
[2026-02-21 09:34:42] local.INFO: Excel Row  : A16:J16  
[2026-02-21 09:34:42] local.INFO: Row Data : Array  
[2026-02-21 09:34:51] local.INFO: compress response {"response":""} 
[2026-02-21 09:34:53] local.INFO: Excel Row  : A17:J17  
[2026-02-21 09:34:53] local.INFO: Row Data : Array  
[2026-02-21 09:35:02] local.INFO: compress response {"response":""} 
[2026-02-21 09:35:04] local.INFO: Excel Row  : A18:J18  
[2026-02-21 09:35:04] local.INFO: Row Data : Array  
[2026-02-21 09:35:13] local.INFO: compress response {"response":""} 
[2026-02-21 09:35:15] local.INFO: Excel Row  : A19:J19  
[2026-02-21 09:35:15] local.INFO: Row Data : Array  
[2026-02-21 09:35:24] local.INFO: compress response {"response":""} 
[2026-02-21 09:35:26] local.INFO: Excel Row  : A20:J20  
[2026-02-21 09:35:26] local.INFO: Row Data : Array  
[2026-02-21 09:35:35] local.INFO: compress response {"response":""} 
[2026-02-21 09:35:37] local.INFO: Excel Row  : A21:J21  
[2026-02-21 09:35:37] local.INFO: Row Data : Array  
[2026-02-21 09:35:49] local.INFO: compress response {"response":""} 
[2026-02-21 09:35:52] local.INFO: Excel Row  : A22:J22  
[2026-02-21 09:35:52] local.INFO: Row Data : Array  
[2026-02-21 09:36:07] local.INFO: compress response {"response":""} 
[2026-02-21 09:36:09] local.INFO: Excel Row  : A23:J23  
[2026-02-21 09:36:09] local.INFO: Row Data : Array  
[2026-02-21 09:36:19] local.INFO: compress response {"response":""} 
[2026-02-21 09:36:21] local.INFO: Excel Row  : A24:J24  
[2026-02-21 09:36:21] local.INFO: Row Data : Array  
[2026-02-21 09:36:30] local.INFO: compress response {"response":""} 
[2026-02-21 09:43:32] local.INFO: Excel Row  : A2:L2  
[2026-02-21 09:43:32] local.INFO: Row Data : Array  
[2026-02-21 09:43:41] local.INFO: compress response {"response":""} 
[2026-02-21 09:43:45] local.INFO: Excel Row  : A3:L3  
[2026-02-21 09:43:45] local.INFO: Row Data : Array  
[2026-02-21 09:43:58] local.INFO: compress response {"response":""} 
[2026-02-21 09:44:01] local.INFO: Excel Row  : A4:L4  
[2026-02-21 09:44:01] local.INFO: Row Data : Array  
[2026-02-21 09:44:11] local.INFO: compress response {"response":""} 
[2026-02-21 09:44:13] local.INFO: Excel Row  : A5:L5  
[2026-02-21 09:44:13] local.INFO: Row Data : Array  
[2026-02-21 09:44:22] local.INFO: compress response {"response":""} 
[2026-02-21 09:44:24] local.INFO: Excel Row  : A6:L6  
[2026-02-21 09:44:24] local.INFO: Row Data : Array  
[2026-02-21 09:44:33] local.INFO: compress response {"response":""} 
[2026-02-21 09:44:35] local.INFO: Excel Row  : A7:L7  
[2026-02-21 09:44:35] local.INFO: Row Data : Array  
[2026-02-21 09:44:47] local.INFO: compress response {"response":""} 
[2026-02-21 09:44:49] local.INFO: Excel Row  : A8:L8  
[2026-02-21 09:44:49] local.INFO: Row Data : Array  
[2026-02-21 09:44:59] local.INFO: compress response {"response":""} 
[2026-02-21 09:45:01] local.INFO: Excel Row  : A9:L9  
[2026-02-21 09:45:01] local.INFO: Row Data : Array  
[2026-02-21 09:45:11] local.INFO: compress response {"response":""} 
